2020-02-29T03:37:26+00:00 INFO Generating payment form for order 219. Notify URL: http://localhost/wordpress/wc-api/WC_Gateway_Paypal/
2020-02-29T03:37:26+00:00 INFO PayPal Request Args for order 219: Array
(
    [cmd] => _cart
    [business] => chandrasekar@digitalseo.in
    [no_note] => 1
    [currency_code] => INR
    [charset] => utf-8
    [rm] => 1
    [upload] => 1
    [return] => http://localhost/wordpress/checkout/order-received/219/?key=wc_order_B02H0ucTbS9SJ&utm_nooverride=1
    [cancel_return] => http://localhost/wordpress/cart/?cancel_order=true&order=wc_order_B02H0ucTbS9SJ&order_id=219&redirect&_wpnonce=733339911b
    [page_style] => 
    [image_url] => 
    [paymentaction] => sale
    [invoice] => WC-219
    [custom] => {"order_id":219,"order_key":"wc_order_B02H0ucTbS9SJ"}
    [notify_url] => http://localhost/wordpress/wc-api/WC_Gateway_Paypal/
    [first_name] => ***
    [last_name] => ***
    [address1] => ***
    [address2] => ***
    [city] => ***
    [state] => ***
    [zip] => ***
    [country] => ***
    [email] => ***@***
    [night_phone_a] => ***
    [night_phone_b] => ***
    [address_override] => 0
    [no_shipping] => 0
    [tax_cart] => 0.00
    [shipping_1] => 30.00
    [item_name_1] => Smart Watch
    [quantity_1] => 1
    [amount_1] => 1850
    [item_number_1] => 
    [bn] => WooThemes_Cart
)

2020-02-29T04:06:07+00:00 INFO Generating payment form for order 221. Notify URL: http://localhost/wordpress/wc-api/WC_Gateway_Paypal/
2020-02-29T04:06:07+00:00 INFO PayPal Request Args for order 221: Array
(
    [cmd] => _cart
    [business] => chandrasekar@digitalseo.in
    [no_note] => 1
    [currency_code] => INR
    [charset] => utf-8
    [rm] => 1
    [upload] => 1
    [return] => http://localhost/wordpress/checkout/order-received/221/?key=wc_order_ucWKRfJTH3et9&utm_nooverride=1
    [cancel_return] => http://localhost/wordpress/cart/?cancel_order=true&order=wc_order_ucWKRfJTH3et9&order_id=221&redirect&_wpnonce=733339911b
    [page_style] => 
    [image_url] => 
    [paymentaction] => sale
    [invoice] => WC-221
    [custom] => {"order_id":221,"order_key":"wc_order_ucWKRfJTH3et9"}
    [notify_url] => http://localhost/wordpress/wc-api/WC_Gateway_Paypal/
    [first_name] => ***
    [last_name] => ***
    [address1] => ***
    [address2] => ***
    [city] => ***
    [state] => ***
    [zip] => ***
    [country] => ***
    [email] => ***@***
    [night_phone_a] => ***
    [night_phone_b] => ***
    [address_override] => 0
    [no_shipping] => 0
    [tax_cart] => 0.00
    [shipping_1] => 30.00
    [item_name_1] => Smart Watch
    [quantity_1] => 2
    [amount_1] => 1850
    [item_number_1] => 
    [bn] => WooThemes_Cart
)

2020-02-29T10:10:28+00:00 INFO Generating payment form for order 235. Notify URL: http://localhost/wordpress/wc-api/WC_Gateway_Paypal/
2020-02-29T10:10:28+00:00 INFO PayPal Request Args for order 235: Array
(
    [cmd] => _cart
    [business] => chandrasekar@digitalseo.in
    [no_note] => 1
    [currency_code] => INR
    [charset] => utf-8
    [rm] => 1
    [upload] => 1
    [return] => http://localhost/wordpress/checkout/order-received/235/?key=wc_order_C5ATxDDW2k5UH&utm_nooverride=1
    [cancel_return] => http://localhost/wordpress/cart/?cancel_order=true&order=wc_order_C5ATxDDW2k5UH&order_id=235&redirect&_wpnonce=93949c8886
    [page_style] => 
    [image_url] => 
    [paymentaction] => sale
    [invoice] => WC-235
    [custom] => {"order_id":235,"order_key":"wc_order_C5ATxDDW2k5UH"}
    [notify_url] => http://localhost/wordpress/wc-api/WC_Gateway_Paypal/
    [first_name] => ***
    [last_name] => ***
    [address1] => ***
    [address2] => ***
    [city] => ***
    [state] => ***
    [zip] => ***
    [country] => ***
    [email] => ***@***
    [night_phone_a] => ***
    [night_phone_b] => ***
    [address_override] => 0
    [no_shipping] => 0
    [tax_cart] => 0.00
    [shipping_1] => 30.00
    [item_name_1] => Smart Watch
    [quantity_1] => 2
    [amount_1] => 1850
    [item_number_1] => 
    [bn] => WooThemes_Cart
)

2020-02-29T10:17:32+00:00 INFO Generating payment form for order 236. Notify URL: http://localhost/wordpress/wc-api/WC_Gateway_Paypal/
2020-02-29T10:17:32+00:00 INFO PayPal Request Args for order 236: Array
(
    [cmd] => _cart
    [business] => chandrasekar@digitalseo.in
    [no_note] => 1
    [currency_code] => INR
    [charset] => utf-8
    [rm] => 1
    [upload] => 1
    [return] => http://localhost/wordpress/checkout/order-received/236/?key=wc_order_hxDReNOjmLKNG&utm_nooverride=1
    [cancel_return] => http://localhost/wordpress/cart/?cancel_order=true&order=wc_order_hxDReNOjmLKNG&order_id=236&redirect&_wpnonce=93949c8886
    [page_style] => 
    [image_url] => 
    [paymentaction] => sale
    [invoice] => WC-236
    [custom] => {"order_id":236,"order_key":"wc_order_hxDReNOjmLKNG"}
    [notify_url] => http://localhost/wordpress/wc-api/WC_Gateway_Paypal/
    [first_name] => ***
    [last_name] => ***
    [address1] => ***
    [address2] => ***
    [city] => ***
    [state] => ***
    [zip] => ***
    [country] => ***
    [email] => ***@***
    [night_phone_a] => ***
    [night_phone_b] => ***
    [address_override] => 0
    [no_shipping] => 0
    [tax_cart] => 0.00
    [shipping_1] => 30.00
    [item_name_1] => Smart Watch
    [quantity_1] => 2
    [amount_1] => 1850
    [item_number_1] => 
    [item_name_2] => Head Phones - Blue
    [quantity_2] => 1
    [amount_2] => 1850
    [item_number_2] => 
    [item_name_3] => Iphone 6
    [quantity_3] => 1
    [amount_3] => 12500
    [item_number_3] => 
    [bn] => WooThemes_Cart
)

