2020-03-06T05:23:07+00:00 INFO Generating payment form for order 253. Notify URL: http://localhost/wordpress/wc-api/WC_Gateway_Paypal/
2020-03-06T05:23:07+00:00 INFO PayPal Request Args for order 253: Array
(
    [cmd] => _cart
    [business] => chandrasekar@digitalseo.in
    [no_note] => 1
    [currency_code] => INR
    [charset] => utf-8
    [rm] => 1
    [upload] => 1
    [return] => http://localhost/wordpress/checkout/order-received/253/?key=wc_order_eiSi5Dcwdz0Fm&utm_nooverride=1
    [cancel_return] => http://localhost/wordpress/cart/?cancel_order=true&order=wc_order_eiSi5Dcwdz0Fm&order_id=253&redirect&_wpnonce=03234db4b9
    [page_style] => 
    [image_url] => 
    [paymentaction] => sale
    [invoice] => WC-253
    [custom] => {"order_id":253,"order_key":"wc_order_eiSi5Dcwdz0Fm"}
    [notify_url] => http://localhost/wordpress/wc-api/WC_Gateway_Paypal/
    [first_name] => ***
    [last_name] => ***
    [address1] => ***
    [address2] => ***
    [city] => ***
    [state] => ***
    [zip] => ***
    [country] => ***
    [email] => ***@***
    [night_phone_a] => ***
    [night_phone_b] => ***
    [address_override] => 0
    [no_shipping] => 0
    [tax_cart] => 0.00
    [shipping_1] => 30.00
    [item_name_1] => Smart Watch
    [quantity_1] => 5
    [amount_1] => 1850
    [item_number_1] => 
    [item_name_2] => Head Phones - Blue
    [quantity_2] => 1
    [amount_2] => 1850
    [item_number_2] => 
    [bn] => WooThemes_Cart
)

